# JRE version: OpenJDK Runtime Environment Temurin-21.0.9+10 (21.0.9+10) (build 21.0.9+10-LTS)
# Java VM: OpenJDK 64-Bit Server VM Temurin-21.0.9+10 (21.0.9+10-LTS, mixed mode, sharing, tiered, compressed oops, compressed class ptrs, g1 gc, windows-amd64)
GC Precious Log:
 CardTable entry size: 512
 Card Set container configuration: InlinePtr #cards 5 size 8 Array Of Cards #cards 12 size 40 Howl #buckets 4 coarsen threshold 1843 Howl Bitmap #cards 512 size 80 coarsen threshold 460 Card regions per heap region 1 cards per card region 2048
 CPUs: 8 total, 8 available
 Memory: 5877M
 Large Page Support: Disabled
 NUMA Support: Disabled
 Compressed Oops: Enabled (32-bit)
 Heap Region Size: 1M
 Heap Min Capacity: 8M
 Heap Initial Capacity: 92M
 Heap Max Capacity: 1470M
 Pre-touch: Disabled
 Parallel Workers: 8
 Concurrent Workers: 2
 Concurrent Refinement Workers: 8
 Periodic GC: Disabled
Heap:
 garbage-first heap   total 161792K, used 123219K [0x00000000a4200000, 0x0000000100000000)
  region size 1024K, 75 young (76800K), 5 survivors (5120K)
 Metaspace       used 95279K, committed 96256K, reserved 1179648K
  class space    used 12619K, committed 13056K, reserved 1048576K
GC Heap History (20 events):
Event: 13.472 GC heap before
{Heap before GC invocations=36 (full 0):
 garbage-first heap   total 161792K, used 134698K [0x00000000a4200000, 0x0000000100000000)
  region size 1024K, 62 young (63488K), 2 survivors (2048K)
 Metaspace       used 84035K, committed 84864K, reserved 1179648K
  class space    used 11371K, committed 11776K, reserved 1048576K
}
Event: 13.477 GC heap after
{Heap after GC invocations=37 (full 0):
 garbage-first heap   total 161792K, used 78470K [0x00000000a4200000, 0x0000000100000000)
  region size 1024K, 7 young (7168K), 7 survivors (7168K)
 Metaspace       used 84035K, committed 84864K, reserved 1179648K
  class space    used 11371K, committed 11776K, reserved 1048576K
}
Event: 46.586 GC heap before
{Heap before GC invocations=38 (full 0):
 garbage-first heap   total 161792K, used 137862K [0x00000000a4200000, 0x0000000100000000)
  region size 1024K, 66 young (67584K), 7 survivors (7168K)
 Metaspace       used 91454K, committed 92288K, reserved 1179648K
  class space    used 12323K, committed 12672K, reserved 1048576K
}
Event: 46.603 GC heap after
{Heap after GC invocations=39 (full 0):
 garbage-first heap   total 161792K, used 82404K [0x00000000a4200000, 0x0000000100000000)
  region size 1024K, 5 young (5120K), 5 survivors (5120K)
 Metaspace       used 91454K, committed 92288K, reserved 1179648K
  class space    used 12323K, committed 12672K, reserved 1048576K
}
Event: 47.057 GC heap before
{Heap before GC invocations=39 (full 0):
 garbage-first heap   total 161792K, used 140772K [0x00000000a4200000, 0x0000000100000000)
  region size 1024K, 62 young (63488K), 5 survivors (5120K)
 Metaspace       used 91902K, committed 92800K, reserved 1179648K
  class space    used 12327K, committed 12736K, reserved 1048576K
}
Event: 47.061 GC heap after
{Heap after GC invocations=40 (full 0):
 garbage-first heap   total 161792K, used 67368K [0x00000000a4200000, 0x0000000100000000)
  region size 1024K, 5 young (5120K), 5 survivors (5120K)
 Metaspace       used 91902K, committed 92800K, reserved 1179648K
  class space    used 12327K, committed 12736K, reserved 1048576K
}
Event: 47.452 GC heap before
{Heap before GC invocations=40 (full 0):
 garbage-first heap   total 161792K, used 141096K [0x00000000a4200000, 0x0000000100000000)
  region size 1024K, 77 young (78848K), 5 survivors (5120K)
 Metaspace       used 92005K, committed 92864K, reserved 1179648K
  class space    used 12330K, committed 12736K, reserved 1048576K
}
Event: 47.456 GC heap after
{Heap after GC invocations=41 (full 0):
 garbage-first heap   total 161792K, used 63203K [0x00000000a4200000, 0x0000000100000000)
  region size 1024K, 5 young (5120K), 5 survivors (5120K)
 Metaspace       used 92005K, committed 92864K, reserved 1179648K
  class space    used 12330K, committed 12736K, reserved 1048576K
}
Event: 47.914 GC heap before
{Heap before GC invocations=41 (full 0):
 garbage-first heap   total 161792K, used 147171K [0x00000000a4200000, 0x0000000100000000)
  region size 1024K, 87 young (89088K), 5 survivors (5120K)
 Metaspace       used 92029K, committed 92864K, reserved 1179648K
  class space    used 12331K, committed 12736K, reserved 1048576K
}
Event: 47.921 GC heap after
{Heap after GC invocations=42 (full 0):
 garbage-first heap   total 161792K, used 56896K [0x00000000a4200000, 0x0000000100000000)
  region size 1024K, 5 young (5120K), 5 survivors (5120K)
 Metaspace       used 92029K, committed 92864K, reserved 1179648K
  class space    used 12331K, committed 12736K, reserved 1048576K
}
Event: 48.345 GC heap before
{Heap before GC invocations=42 (full 0):
 garbage-first heap   total 161792K, used 148032K [0x00000000a4200000, 0x0000000100000000)
  region size 1024K, 94 young (96256K), 5 survivors (5120K)
 Metaspace       used 92069K, committed 92992K, reserved 1179648K
  class space    used 12333K, committed 12736K, reserved 1048576K
}
Event: 48.351 GC heap after
{Heap after GC invocations=43 (full 0):
 garbage-first heap   total 161792K, used 56852K [0x00000000a4200000, 0x0000000100000000)
  region size 1024K, 5 young (5120K), 5 survivors (5120K)
 Metaspace       used 92069K, committed 92992K, reserved 1179648K
  class space    used 12333K, committed 12736K, reserved 1048576K
}
Event: 48.829 GC heap before
{Heap before GC invocations=44 (full 0):
 garbage-first heap   total 161792K, used 147988K [0x00000000a4200000, 0x0000000100000000)
  region size 1024K, 94 young (96256K), 5 survivors (5120K)
 Metaspace       used 92073K, committed 92992K, reserved 1179648K
  class space    used 12334K, committed 12736K, reserved 1048576K
}
Event: 48.832 GC heap after
{Heap after GC invocations=45 (full 0):
 garbage-first heap   total 161792K, used 56650K [0x00000000a4200000, 0x0000000100000000)
  region size 1024K, 5 young (5120K), 5 survivors (5120K)
 Metaspace       used 92073K, committed 92992K, reserved 1179648K
  class space    used 12334K, committed 12736K, reserved 1048576K
}
Event: 49.221 GC heap before
{Heap before GC invocations=45 (full 0):
 garbage-first heap   total 161792K, used 147786K [0x00000000a4200000, 0x0000000100000000)
  region size 1024K, 94 young (96256K), 5 survivors (5120K)
 Metaspace       used 92091K, committed 92992K, reserved 1179648K
  class space    used 12335K, committed 12736K, reserved 1048576K
}
Event: 49.226 GC heap after
{Heap after GC invocations=46 (full 0):
 garbage-first heap   total 161792K, used 53744K [0x00000000a4200000, 0x0000000100000000)
  region size 1024K, 5 young (5120K), 5 survivors (5120K)
 Metaspace       used 92091K, committed 92992K, reserved 1179648K
  class space    used 12335K, committed 12736K, reserved 1048576K
}
Event: 49.580 GC heap before
{Heap before GC invocations=46 (full 0):
 garbage-first heap   total 161792K, used 144880K [0x00000000a4200000, 0x0000000100000000)
  region size 1024K, 94 young (96256K), 5 survivors (5120K)
 Metaspace       used 92137K, committed 93056K, reserved 1179648K
  class space    used 12335K, committed 12736K, reserved 1048576K
}
Event: 49.584 GC heap after
{Heap after GC invocations=47 (full 0):
 garbage-first heap   total 161792K, used 53779K [0x00000000a4200000, 0x0000000100000000)
  region size 1024K, 5 young (5120K), 5 survivors (5120K)
 Metaspace       used 92137K, committed 93056K, reserved 1179648K
  class space    used 12335K, committed 12736K, reserved 1048576K
}
Event: 49.942 GC heap before
{Heap before GC invocations=48 (full 0):
 garbage-first heap   total 161792K, used 144915K [0x00000000a4200000, 0x0000000100000000)
  region size 1024K, 94 young (96256K), 5 survivors (5120K)
 Metaspace       used 92175K, committed 93056K, reserved 1179648K
  class space    used 12335K, committed 12736K, reserved 1048576K
}
Event: 49.945 GC heap after
{Heap after GC invocations=49 (full 0):
 garbage-first heap   total 161792K, used 53587K [0x00000000a4200000, 0x0000000100000000)
  region size 1024K, 5 young (5120K), 5 survivors (5120K)
 Metaspace       used 92175K, committed 93056K, reserved 1179648K
  class space    used 12335K, committed 12736K, reserved 1048576K
}

